<?xml version="1.0" encoding="UTF-8"?>
<!-- Generated by org.testng.reporters.JUnitReportReporter -->
<testsuite skipped="0" hostname="BOH500109" name="boh.qa.automation.ofactkt.tests.AlertActionsPageTest" tests="1" failures="0" timestamp="28 Aug 2020 04:39:04 GMT" time="23.886" errors="0">
  <testcase name="verifyAlertActionsTest" time="23.886" classname="boh.qa.automation.ofactkt.tests.AlertActionsPageTest"/>
</testsuite> <!-- boh.qa.automation.ofactkt.tests.AlertActionsPageTest -->
