<?xml version="1.0" encoding="UTF-8"?>
<!-- Generated by org.testng.reporters.JUnitReportReporter -->
<testsuite skipped="0" hostname="BOH500109" name="boh.qa.automation.ofactkt.tests.AssignAlertPageTest" tests="1" failures="0" timestamp="29 Jul 2020 22:46:35 GMT" time="72.542" errors="0">
  <testcase name="verifyNavigateToAlertTest" time="72.542" classname="boh.qa.automation.ofactkt.tests.AssignAlertPageTest"/>
</testsuite> <!-- boh.qa.automation.ofactkt.tests.AssignAlertPageTest -->
